2025-04-28 10:33:15,465  INFO  ARGS = {
  "notes": "回测300股指自回归",
  "data_path": "database/VWAP/豆粕主连.csv",
  "output_dir": "out_put/multi",
  "ckpt_dir": "ckpt",
  "feature_columns": [
    2,
    2
  ],
  "target_columns": [
    [
      2
    ]
  ],
  "start_timestamp": 31,
  "end_timestamp": -1,
  "window_sizes": [
    15
  ],
  "N_pairs": 1,
  "num_classes": 3,
  "generators": [
    "transformer"
  ],
  "discriminators": null,
  "distill_epochs": 0,
  "cross_finetune_epochs": 0,
  "device": [
    0
  ],
  "num_epochs": 10000,
  "lr": 2e-05,
  "batch_size": 64,
  "train_split": 0.7,
  "random_seed": 3407,
  "amp_dtype": "none",
  "mode": "train",
  "ckpt_path": "lastest"
}
2025-04-28 10:34:03,788  INFO  Train Metrics for G1: MSE=813.8948, MAE=18.0952, RMSE=28.5288, MAPE=0.4950
2025-04-28 10:34:04,339  INFO  Test Metrics for G1: MSE=740.4036, MAE=25.1233, RMSE=27.2104, MAPE=0.8677
