2025-04-28 14:04:17,714  INFO  ARGS = {
  "notes": "回测300股指自回归",
  "data_path": "database/VWAP/十年债主连.csv",
  "output_dir": "out_put/multi",
  "ckpt_dir": "ckpt",
  "feature_columns": [
    1,
    1
  ],
  "target_columns": [
    [
      1
    ]
  ],
  "start_timestamp": 31,
  "end_timestamp": -1,
  "window_sizes": [
    15
  ],
  "N_pairs": 1,
  "num_classes": 3,
  "generators": [
    "transformer"
  ],
  "discriminators": null,
  "distill_epochs": 0,
  "cross_finetune_epochs": 0,
  "device": [
    0
  ],
  "num_epochs": 10000,
  "lr": 2e-05,
  "batch_size": 64,
  "train_split": 0.7,
  "random_seed": 3407,
  "amp_dtype": "none",
  "mode": "train",
  "ckpt_path": "lastest"
}
2025-04-28 14:19:11,523  INFO  Train Metrics for G1: MSE=0.0065, MAE=0.0657, RMSE=0.0803, MAPE=0.0648
2025-04-28 14:19:12,421  INFO  Test Metrics for G1: MSE=0.9903, MAE=0.8276, RMSE=0.9952, MAPE=0.7659
