2025-04-27 16:54:32,969  INFO  ARGS = {
  "notes": "回测300股指自回归",
  "data_path": "database/VWAP/PTA主连.csv",
  "output_dir": "out_put/multi",
  "ckpt_dir": "ckpt",
  "feature_columns": [
    2,
    2
  ],
  "target_columns": [
    [
      2
    ]
  ],
  "start_timestamp": 31,
  "end_timestamp": -1,
  "window_sizes": [
    15
  ],
  "N_pairs": 1,
  "num_classes": 3,
  "generators": [
    "transformer"
  ],
  "discriminators": null,
  "distill_epochs": 0,
  "cross_finetune_epochs": 0,
  "device": [
    0
  ],
  "num_epochs": 10000,
  "lr": 2e-05,
  "batch_size": 64,
  "train_split": 0.7,
  "random_seed": 3407,
  "amp_dtype": "none",
  "mode": "train",
  "ckpt_path": "lastest"
}
2025-04-27 17:12:56,902  INFO  Train Metrics for G1: MSE=447.8935, MAE=15.8196, RMSE=21.1635, MAPE=0.2724
2025-04-27 17:12:57,425  INFO  Test Metrics for G1: MSE=1945.4003, MAE=26.1462, RMSE=44.1067, MAPE=0.5591
