2025-04-28 15:07:24,614  INFO  ARGS = {
  "notes": "回测300股指自回归",
  "data_path": "database/VWAP/液化气主连.csv",
  "output_dir": "out_put/multi",
  "ckpt_dir": "ckpt",
  "feature_columns": [
    2,
    2
  ],
  "target_columns": [
    [
      2
    ]
  ],
  "start_timestamp": 31,
  "end_timestamp": -1,
  "window_sizes": [
    15
  ],
  "N_pairs": 1,
  "num_classes": 3,
  "generators": [
    "transformer"
  ],
  "discriminators": null,
  "distill_epochs": 0,
  "cross_finetune_epochs": 0,
  "device": [
    0
  ],
  "num_epochs": 10000,
  "lr": 2e-05,
  "batch_size": 64,
  "train_split": 0.7,
  "random_seed": 3407,
  "amp_dtype": "none",
  "mode": "train",
  "ckpt_path": "lastest"
}
2025-04-28 15:08:28,527  INFO  Train Metrics for G1: MSE=1418.0844, MAE=25.5695, RMSE=37.6575, MAPE=0.5631
2025-04-28 15:08:29,074  INFO  Test Metrics for G1: MSE=363.9030, MAE=13.3249, RMSE=19.0762, MAPE=0.2927
