2025-04-28 13:03:00,053  INFO  ARGS = {
  "notes": "回测300股指自回归",
  "data_path": "database/VWAP/苹果主连.csv",
  "output_dir": "out_put/multi",
  "ckpt_dir": "ckpt",
  "feature_columns": [
    1,
    1
  ],
  "target_columns": [
    [
      1
    ]
  ],
  "start_timestamp": 31,
  "end_timestamp": -1,
  "window_sizes": [
    15
  ],
  "N_pairs": 1,
  "num_classes": 3,
  "generators": [
    "transformer"
  ],
  "discriminators": null,
  "distill_epochs": 0,
  "cross_finetune_epochs": 0,
  "device": [
    0
  ],
  "num_epochs": 10000,
  "lr": 2e-05,
  "batch_size": 64,
  "train_split": 0.7,
  "random_seed": 3407,
  "amp_dtype": "none",
  "mode": "train",
  "ckpt_path": "lastest"
}
2025-04-28 13:04:55,658  INFO  Train Metrics for G1: MSE=2566.5061, MAE=29.7935, RMSE=50.6607, MAPE=0.3389
2025-04-28 13:04:56,639  INFO  Test Metrics for G1: MSE=1389.2314, MAE=26.9518, RMSE=37.2724, MAPE=0.3730
