2025-04-28 09:45:29,288  INFO  ARGS = {
  "notes": "回测300股指自回归",
  "data_path": "database/VWAP/PTA主连.csv",
  "output_dir": "out_put/multi",
  "ckpt_dir": "ckpt",
  "feature_columns": [
    1,
    1
  ],
  "target_columns": [
    [
      1
    ]
  ],
  "start_timestamp": 31,
  "end_timestamp": -1,
  "window_sizes": [
    15
  ],
  "N_pairs": 1,
  "num_classes": 3,
  "generators": [
    "transformer"
  ],
  "discriminators": null,
  "distill_epochs": 0,
  "cross_finetune_epochs": 0,
  "device": [
    0
  ],
  "num_epochs": 10000,
  "lr": 2e-05,
  "batch_size": 64,
  "train_split": 0.7,
  "random_seed": 3407,
  "amp_dtype": "none",
  "mode": "train",
  "ckpt_path": "lastest"
}
2025-04-28 09:50:01,054  INFO  Train Metrics for G1: MSE=379.9253, MAE=13.1550, RMSE=19.4917, MAPE=0.2256
2025-04-28 09:50:01,966  INFO  Test Metrics for G1: MSE=2151.0049, MAE=34.2545, RMSE=46.3789, MAPE=0.7209
