2025-04-28 13:53:13,588  INFO  ARGS = {
  "notes": "回测300股指自回归",
  "data_path": "database/VWAP/十年债主连.csv",
  "output_dir": "out_put/multi",
  "ckpt_dir": "ckpt",
  "feature_columns": [
    2,
    2
  ],
  "target_columns": [
    [
      2
    ]
  ],
  "start_timestamp": 31,
  "end_timestamp": -1,
  "window_sizes": [
    15
  ],
  "N_pairs": 1,
  "num_classes": 3,
  "generators": [
    "transformer"
  ],
  "discriminators": null,
  "distill_epochs": 0,
  "cross_finetune_epochs": 0,
  "device": [
    0
  ],
  "num_epochs": 10000,
  "lr": 2e-05,
  "batch_size": 64,
  "train_split": 0.7,
  "random_seed": 3407,
  "amp_dtype": "none",
  "mode": "train",
  "ckpt_path": "lastest"
}
2025-04-28 14:02:17,175  INFO  Train Metrics for G1: MSE=0.0067, MAE=0.0676, RMSE=0.0821, MAPE=0.0666
2025-04-28 14:02:17,728  INFO  Test Metrics for G1: MSE=1.0093, MAE=0.8380, RMSE=1.0046, MAPE=0.7756
