2025-04-28 15:30:59,487  INFO  ARGS = {
  "notes": "回测300股指自回归",
  "data_path": "database/VWAP/原油主连.csv",
  "output_dir": "out_put/multi",
  "ckpt_dir": "ckpt",
  "feature_columns": [
    2,
    2
  ],
  "target_columns": [
    [
      2
    ]
  ],
  "start_timestamp": 31,
  "end_timestamp": -1,
  "window_sizes": [
    15
  ],
  "N_pairs": 1,
  "num_classes": 3,
  "generators": [
    "transformer"
  ],
  "discriminators": null,
  "distill_epochs": 0,
  "cross_finetune_epochs": 0,
  "device": [
    0
  ],
  "num_epochs": 10000,
  "lr": 2e-05,
  "batch_size": 64,
  "train_split": 0.7,
  "random_seed": 3407,
  "amp_dtype": "none",
  "mode": "train",
  "ckpt_path": "lastest"
}
2025-04-28 15:35:30,899  INFO  Train Metrics for G1: MSE=7.6578, MAE=2.0821, RMSE=2.7673, MAPE=0.3613
2025-04-28 15:35:31,832  INFO  Test Metrics for G1: MSE=10.0139, MAE=2.4653, RMSE=3.1645, MAPE=0.4637
