2025-04-28 14:51:17,644  INFO  ARGS = {
  "notes": "回测300股指自回归",
  "data_path": "database/VWAP/铁矿石主连.csv",
  "output_dir": "out_put/multi",
  "ckpt_dir": "ckpt",
  "feature_columns": [
    1,
    1
  ],
  "target_columns": [
    [
      1
    ]
  ],
  "start_timestamp": 31,
  "end_timestamp": -1,
  "window_sizes": [
    15
  ],
  "N_pairs": 1,
  "num_classes": 3,
  "generators": [
    "transformer"
  ],
  "discriminators": null,
  "distill_epochs": 0,
  "cross_finetune_epochs": 0,
  "device": [
    0
  ],
  "num_epochs": 10000,
  "lr": 2e-05,
  "batch_size": 64,
  "train_split": 0.7,
  "random_seed": 3407,
  "amp_dtype": "none",
  "mode": "train",
  "ckpt_path": "lastest"
}
2025-04-28 14:52:04,836  INFO  Train Metrics for G1: MSE=46.2232, MAE=5.1846, RMSE=6.7988, MAPE=0.6074
2025-04-28 14:52:05,392  INFO  Test Metrics for G1: MSE=26.1631, MAE=3.5987, RMSE=5.1150, MAPE=0.4822
