2025-04-28 11:31:02,678  INFO  ARGS = {
  "notes": "回测300股指自回归",
  "data_path": "database/VWAP/棉花主连.csv",
  "output_dir": "out_put/multi",
  "ckpt_dir": "ckpt",
  "feature_columns": [
    2,
    2
  ],
  "target_columns": [
    [
      2
    ]
  ],
  "start_timestamp": 31,
  "end_timestamp": -1,
  "window_sizes": [
    15
  ],
  "N_pairs": 1,
  "num_classes": 3,
  "generators": [
    "transformer"
  ],
  "discriminators": null,
  "distill_epochs": 0,
  "cross_finetune_epochs": 0,
  "device": [
    0
  ],
  "num_epochs": 10000,
  "lr": 2e-05,
  "batch_size": 64,
  "train_split": 0.7,
  "random_seed": 3407,
  "amp_dtype": "none",
  "mode": "train",
  "ckpt_path": "lastest"
}
2025-04-28 11:32:38,650  INFO  Train Metrics for G1: MSE=7824.1641, MAE=70.3413, RMSE=88.4543, MAPE=0.4434
2025-04-28 11:32:39,578  INFO  Test Metrics for G1: MSE=14810.4856, MAE=115.0102, RMSE=121.6983, MAPE=0.8457
