2025-05-08 01:32:44,558  INFO  ARGS = {
  "data_path": "database/zx_processed_黄金_day.csv",
  "output_dir": "out_put/ckpt",
  "ckpt_dir": "out_put/ckpt",
  "feature_columns": [
    "1-29"
  ],
  "target_columns": [
    [
      1
    ]
  ],
  "log_diff": false,
  "N_pairs": 3,
  "window_sizes": [
    5,
    10,
    15
  ],
  "batch_size": 64,
  "mode": "train",
  "device": [
    0
  ],
  "random_seed": 3407,
  "num_epochs": 1024,
  "lr": 2e-05,
  "train_split": 0.7,
  "distill_epochs": 1,
  "cross_finetune_epochs": 5,
  "generators": [
    "gru",
    "lstm",
    "transformer"
  ],
  "discriminators": null,
  "amp_dtype": "none",
  "start_timestamp": 31,
  "end_timestamp": -1,
  "ckpt_path": "latest",
  "num_classes": 2
}
2025-05-08 01:32:45,753  ERROR  实验运行错误: CUDA error: device-side assert triggered
2025-05-08 01:36:17,913  INFO   * Detected change in 'E:\\Coding_path\\MAA\\MAA_base.py', reloading
2025-05-08 01:36:17,914  INFO   * Detected change in 'E:\\Coding_path\\MAA\\pred.py', reloading
2025-05-08 01:36:17,914  INFO   * Detected change in 'E:\\Coding_path\\MAA\\run_baseframe.py', reloading
2025-05-08 01:36:17,915  INFO   * Detected change in 'E:\\Coding_path\\MAA\\run_multi_gan.py', reloading
2025-05-08 01:36:17,915  INFO   * Detected change in 'E:\\Coding_path\\MAA\\time_series_baseframe.py', reloading
2025-05-08 01:36:17,916  INFO   * Detected change in 'E:\\Coding_path\\MAA\\time_series_maa.py', reloading
2025-05-08 01:36:17,916  INFO   * Detected change in 'E:\\Coding_path\\MAA\\vis_kde.py', reloading
2025-05-08 01:36:17,919  INFO   * Detected change in 'E:\\Coding_path\\MAA\\database\\corr.py', reloading
2025-05-08 01:36:17,919  INFO   * Detected change in 'E:\\Coding_path\\MAA\\database\\data_process.py', reloading
2025-05-08 01:36:17,919  INFO   * Detected change in 'E:\\Coding_path\\MAA\\database\\parse.py', reloading
2025-05-08 01:36:17,919  INFO   * Detected change in 'E:\\Coding_path\\MAA\\database\\parse_sql.py', reloading
2025-05-08 01:36:17,920  INFO   * Detected change in 'E:\\Coding_path\\MAA\\database\\parse_zx.py', reloading
2025-05-08 01:36:17,923  INFO   * Detected change in 'E:\\Coding_path\\MAA\\models\\model.py', reloading
2025-05-08 01:36:17,924  INFO   * Detected change in 'E:\\Coding_path\\MAA\\models\\model_with_clsdisc.py', reloading
2025-05-08 01:36:17,924  INFO   * Detected change in 'E:\\Coding_path\\MAA\\models\\model_with_clsHead.py', reloading
2025-05-08 01:36:17,925  INFO   * Detected change in 'E:\\Coding_path\\MAA\\models\\__init__.py', reloading
2025-05-08 01:36:17,925  INFO   * Detected change in 'E:\\Coding_path\\MAA\\utils\\baseframe_trainer.py', reloading
2025-05-08 01:36:17,926  INFO   * Detected change in 'E:\\Coding_path\\MAA\\utils\\evaluate_visualization.py', reloading
2025-05-08 01:36:17,926  INFO   * Detected change in 'E:\\Coding_path\\MAA\\utils\\logger.py', reloading
2025-05-08 01:36:17,927  INFO   * Detected change in 'E:\\Coding_path\\MAA\\utils\\multiGAN_trainer.py', reloading
2025-05-08 01:36:17,927  INFO   * Detected change in 'E:\\Coding_path\\MAA\\utils\\multiGAN_trainer_disccls.py', reloading
2025-05-08 01:36:17,928  INFO   * Detected change in 'E:\\Coding_path\\MAA\\utils\\process.py', reloading
2025-05-08 01:36:17,928  INFO   * Detected change in 'E:\\Coding_path\\MAA\\utils\\process_baseframe.py', reloading
2025-05-08 01:36:17,928  INFO   * Detected change in 'E:\\Coding_path\\MAA\\utils\\util.py', reloading
