2025-05-08 01:57:43,231  INFO  ARGS = {
  "data_path": "database/zx_processed_黄金_day.csv",
  "output_dir": "out_put/ckpt",
  "ckpt_dir": "out_put/ckpt",
  "feature_columns": [
    "1-7",
    "8-14,20-26",
    "1,9-10,17-19"
  ],
  "target_columns": [
    [
      1
    ]
  ],
  "log_diff": false,
  "N_pairs": 3,
  "window_sizes": [
    5,
    10,
    15
  ],
  "batch_size": 64,
  "mode": "train",
  "device": [
    0
  ],
  "random_seed": 3407,
  "num_epochs": 1024,
  "lr": 2e-05,
  "train_split": 0.7,
  "distill_epochs": 1,
  "cross_finetune_epochs": 5,
  "generators": [
    "gru",
    "lstm",
    "transformer"
  ],
  "discriminators": null,
  "amp_dtype": "none",
  "start_timestamp": 31,
  "end_timestamp": -1,
  "ckpt_path": "latest",
  "num_classes": 2
}
2025-05-08 01:57:44,614  ERROR  实验运行错误: CUDA error: device-side assert triggered
2025-05-08 01:58:18,042  INFO   * Detected change in 'E:\\Coding_path\\MAA\\app.py', reloading
2025-05-08 01:58:18,043  INFO   * Detected change in 'E:\\Coding_path\\MAA\\app.py', reloading
