2025-05-08 01:22:57,511  INFO  ARGS = {
  "data_path": "database/zx_processed_黄金_day.csv",
  "output_dir": "out_put/ckpt",
  "ckpt_dir": "out_put/ckpt",
  "feature_columns": [
    "1-29"
  ],
  "target_columns": [
    [
      1
    ]
  ],
  "batch_size": 64,
  "num_epochs": 1024,
  "lr": 2e-05,
  "train_split": 0.7,
  "window_sizes": [
    5,
    10,
    15
  ],
  "mode": "train",
  "log_diff": false,
  "N_pairs": 3,
  "device": [
    0
  ],
  "random_seed": 3407,
  "distill_epochs": 1,
  "cross_finetune_epochs": 5,
  "generators": [
    "gru",
    "lstm",
    "transformer"
  ],
  "discriminators": null,
  "amp_dtype": "none",
  "start_timestamp": 31,
  "end_timestamp": -1,
  "ckpt_path": "latest",
  "num_classes": 2
}
2025-05-08 01:22:59,600  ERROR  实验运行错误: CUDA error: device-side assert triggered
CUDA kernel errors might be asynchronously reported at some other API call,so the stacktrace below might be incorrect.
For debugging consider passing CUDA_LAUNCH_BLOCKING=1.
2025-05-08 01:23:46,834  INFO   * Detected change in 'E:\\Coding_path\\MAA\\app.py', reloading
2025-05-08 01:23:46,835  INFO   * Detected change in 'E:\\Coding_path\\MAA\\app.py', reloading
