2025-05-08 04:46:56,205  INFO  ARGS = {
  "notes": "",
  "data_path": "database/zx_processed_黄金_day.csv",
  "output_dir": "out_put/ckpt",
  "ckpt_dir": "ckpt",
  "feature_groups": [
    [
      1,
      2,
      3,
      4,
      5,
      6,
      7,
      8,
      9,
      10,
      11,
      12,
      13,
      14,
      15,
      16,
      17,
      18,
      19,
      20,
      21,
      22,
      23,
      24,
      25,
      26,
      27,
      28,
      29
    ],
    [
      1,
      2,
      3,
      4,
      5,
      6,
      7,
      8,
      9,
      10,
      11,
      12,
      13,
      14,
      15,
      16,
      17,
      18,
      19,
      20,
      21,
      22,
      23,
      24,
      25,
      26,
      27,
      28,
      29
    ],
    [
      1,
      2,
      3,
      4,
      5,
      6,
      7,
      8,
      9,
      10,
      11,
      12,
      13,
      14,
      15,
      16,
      17,
      18,
      19,
      20,
      21,
      22,
      23,
      24,
      25,
      26,
      27,
      28,
      29
    ]
  ],
  "target_columns": [
    [
      1
    ]
  ],
  "start_timestamp": 31,
  "end_timestamp": -1,
  "window_sizes": [
    5,
    10,
    15
  ],
  "N_pairs": 3,
  "num_classes": 3,
  "generators": [
    "transformer",
    "transformer",
    "transformer"
  ],
  "discriminators": null,
  "distill_epochs": 1,
  "cross_finetune_epochs": 5,
  "device": [
    0
  ],
  "num_epochs": 1024,
  "lr": 2e-05,
  "batch_size": 64,
  "train_split": 0.7,
  "random_seed": 3407,
  "amp_dtype": "none",
  "mode": "train",
  "ckpt_path": "latest",
  "log_diff": false
}
2025-05-08 04:47:04,604  INFO  EPOCH 1 | Validation MSE: G1: 0.15219535, G2: 0.08124134, G3: 0.03097324 | Accuracy: G1: 45.72 %, G2: 45.72 %, G3: 45.72 %
2025-05-08 04:47:09,304  INFO  EPOCH 2 | Validation MSE: G1: 0.03916430, G2: 0.04864781, G3: 0.02341609 | Accuracy: G1: 47.02 %, G2: 53.30 %, G3: 47.13 %
2025-05-08 04:47:13,947  INFO  EPOCH 3 | Validation MSE: G1: 0.03431340, G2: 0.04800934, G3: 0.01807026 | Accuracy: G1: 52.65 %, G2: 53.74 %, G3: 53.95 %
2025-05-08 04:47:18,566  INFO  EPOCH 4 | Validation MSE: G1: 0.04077606, G2: 0.04945387, G3: 0.01817276 | Accuracy: G1: 52.55 %, G2: 53.74 %, G3: 53.41 %
2025-05-08 04:47:23,223  INFO  EPOCH 5 | Validation MSE: G1: 0.02941672, G2: 0.04304265, G3: 0.01543632 | Accuracy: G1: 53.74 %, G2: 53.74 %, G3: 53.74 %
2025-05-08 04:47:27,889  INFO  EPOCH 6 | Validation MSE: G1: 0.02991158, G2: 0.04164148, G3: 0.01648738 | Accuracy: G1: 53.74 %, G2: 53.74 %, G3: 53.74 %
2025-05-08 04:47:32,537  INFO  EPOCH 7 | Validation MSE: G1: 0.03415092, G2: 0.03571236, G3: 0.01389592 | Accuracy: G1: 52.44 %, G2: 54.71 %, G3: 52.55 %
2025-05-08 04:47:37,185  INFO  EPOCH 8 | Validation MSE: G1: 0.02717582, G2: 0.03353452, G3: 0.01527174 | Accuracy: G1: 47.35 %, G2: 50.70 %, G3: 47.56 %
2025-05-08 04:47:41,803  INFO  EPOCH 9 | Validation MSE: G1: 0.02550080, G2: 0.03398653, G3: 0.01404955 | Accuracy: G1: 53.74 %, G2: 53.74 %, G3: 53.74 %
2025-05-08 04:47:46,419  INFO  Start cross finetune!  So far G3 with D3
2025-05-08 04:47:47,569  INFO  == Cross finetune Epoch [1/1024]: G3 with D3: Validation MSE 0.01324873, Validation Acc 51.46%
2025-05-08 04:47:48,731  INFO  == Cross finetune Epoch [2/1024]: G3 with D3: Validation MSE 0.01462535, Validation Acc 50.16%
2025-05-08 04:47:49,875  INFO  == Cross finetune Epoch [3/1024]: G3 with D3: Validation MSE 0.01621158, Validation Acc 52.98%
2025-05-08 04:47:51,020  INFO  == Cross finetune Epoch [4/1024]: G3 with D3: Validation MSE 0.01323520, Validation Acc 50.60%
2025-05-08 04:47:52,173  INFO  == Cross finetune Epoch [5/1024]: G3 with D3: Validation MSE 0.01644442, Validation Acc 47.35%
2025-05-08 04:47:52,173  INFO  EPOCH 10 | Validation MSE: G1: 0.02481776, G2: 0.03297622, G3: 0.01339529 | Accuracy: G1: 53.74 %, G2: 53.85 %, G3: 53.52 %
2025-05-08 04:47:56,769  INFO  EPOCH 11 | Validation MSE: G1: 0.02551168, G2: 0.03239104, G3: 0.01232667 | Accuracy: G1: 53.85 %, G2: 54.60 %, G3: 51.46 %
2025-05-08 04:48:01,366  INFO  EPOCH 12 | Validation MSE: G1: 0.02431036, G2: 0.03305800, G3: 0.01225636 | Accuracy: G1: 53.85 %, G2: 54.50 %, G3: 52.22 %
2025-05-08 04:48:05,984  INFO  EPOCH 13 | Validation MSE: G1: 0.02350294, G2: 0.02947119, G3: 0.01243670 | Accuracy: G1: 53.74 %, G2: 52.87 %, G3: 52.76 %
2025-05-08 04:48:10,593  INFO  EPOCH 14 | Validation MSE: G1: 0.02084907, G2: 0.02984734, G3: 0.01132885 | Accuracy: G1: 53.85 %, G2: 54.06 %, G3: 53.30 %
2025-05-08 04:48:15,222  INFO  EPOCH 15 | Validation MSE: G1: 0.02026951, G2: 0.03242342, G3: 0.01333589 | Accuracy: G1: 51.25 %, G2: 51.57 %, G3: 50.16 %
2025-05-08 04:48:19,859  INFO  EPOCH 16 | Validation MSE: G1: 0.01993793, G2: 0.02767871, G3: 0.01222557 | Accuracy: G1: 54.06 %, G2: 53.09 %, G3: 51.25 %
2025-05-08 04:48:24,505  INFO  EPOCH 17 | Validation MSE: G1: 0.02211950, G2: 0.02853939, G3: 0.01214740 | Accuracy: G1: 53.74 %, G2: 53.74 %, G3: 52.87 %
2025-05-08 04:48:29,121  INFO  EPOCH 18 | Validation MSE: G1: 0.02063394, G2: 0.02885349, G3: 0.01267609 | Accuracy: G1: 48.32 %, G2: 49.51 %, G3: 47.78 %
2025-05-08 04:48:33,718  INFO  EPOCH 19 | Validation MSE: G1: 0.02483601, G2: 0.02471469, G3: 0.01245220 | Accuracy: G1: 49.84 %, G2: 48.86 %, G3: 47.56 %
2025-05-08 04:48:38,338  INFO  Start cross finetune!  So far G3 with D1
2025-05-08 04:48:39,484  INFO  == Cross finetune Epoch [1/1024]: G3 with D1: Validation MSE 0.00911458, Validation Acc 48.43%
2025-05-08 04:48:40,614  INFO  == Cross finetune Epoch [2/1024]: G3 with D1: Validation MSE 0.00956405, Validation Acc 52.33%
2025-05-08 04:48:41,779  INFO  == Cross finetune Epoch [3/1024]: G3 with D1: Validation MSE 0.01137718, Validation Acc 52.33%
2025-05-08 04:48:42,956  INFO  == Cross finetune Epoch [4/1024]: G3 with D1: Validation MSE 0.01112240, Validation Acc 53.30%
2025-05-08 04:48:44,115  INFO  == Cross finetune Epoch [5/1024]: G3 with D1: Validation MSE 0.01003489, Validation Acc 53.30%
2025-05-08 04:48:44,115  INFO  EPOCH 20 | Validation MSE: G1: 0.02314263, G2: 0.02740737, G3: 0.01119418 | Accuracy: G1: 46.05 %, G2: 48.10 %, G3: 46.91 %
2025-05-08 04:48:48,737  INFO  EPOCH 21 | Validation MSE: G1: 0.01861463, G2: 0.02502582, G3: 0.01210608 | Accuracy: G1: 51.57 %, G2: 51.46 %, G3: 49.40 %
2025-05-08 04:48:53,333  INFO  EPOCH 22 | Validation MSE: G1: 0.02018047, G2: 0.02267818, G3: 0.01139590 | Accuracy: G1: 53.74 %, G2: 53.74 %, G3: 53.52 %
2025-05-08 04:48:57,953  INFO  EPOCH 23 | Validation MSE: G1: 0.01862737, G2: 0.02603501, G3: 0.00938100 | Accuracy: G1: 53.74 %, G2: 53.74 %, G3: 52.33 %
2025-05-08 04:49:02,611  INFO  EPOCH 24 | Validation MSE: G1: 0.01823979, G2: 0.02392425, G3: 0.01133454 | Accuracy: G1: 53.74 %, G2: 54.17 %, G3: 52.55 %
2025-05-08 04:49:07,280  INFO  EPOCH 25 | Validation MSE: G1: 0.01911599, G2: 0.02577976, G3: 0.01170885 | Accuracy: G1: 53.63 %, G2: 54.06 %, G3: 52.87 %
2025-05-08 04:49:11,964  INFO  EPOCH 26 | Validation MSE: G1: 0.01614990, G2: 0.02522329, G3: 0.01401607 | Accuracy: G1: 53.74 %, G2: 53.85 %, G3: 52.65 %
2025-05-08 04:49:16,587  INFO  EPOCH 27 | Validation MSE: G1: 0.01911932, G2: 0.02379363, G3: 0.01033295 | Accuracy: G1: 46.70 %, G2: 46.80 %, G3: 46.48 %
2025-05-08 04:49:21,218  INFO  EPOCH 28 | Validation MSE: G1: 0.01687376, G2: 0.02422720, G3: 0.01130338 | Accuracy: G1: 53.74 %, G2: 53.74 %, G3: 53.09 %
