2025-05-08 04:33:05,505  INFO  ARGS = {
  "notes": "",
  "data_path": "database/zx_processed_é»„é‡‘_day.csv",
  "output_dir": "out_put/ckpt",
  "ckpt_dir": "ckpt",
  "feature_groups": [
    [
      1,
      2,
      3,
      4,
      5,
      6,
      7,
      8,
      9,
      10,
      11,
      12,
      13,
      14,
      15,
      16,
      17,
      18,
      19,
      20,
      21,
      22,
      23,
      24,
      25,
      26,
      27,
      28,
      29
    ],
    [
      1,
      2,
      3,
      4,
      5,
      6,
      7,
      8,
      9,
      10,
      11,
      12,
      13,
      14,
      15,
      16,
      17,
      18,
      19,
      20,
      21,
      22,
      23,
      24,
      25,
      26,
      27,
      28,
      29
    ],
    [
      1,
      2,
      3,
      4,
      5,
      6,
      7,
      8,
      9,
      10,
      11,
      12,
      13,
      14,
      15,
      16,
      17,
      18,
      19,
      20,
      21,
      22,
      23,
      24,
      25,
      26,
      27,
      28,
      29
    ]
  ],
  "target_columns": [
    [
      1
    ]
  ],
  "start_timestamp": 31,
  "end_timestamp": -1,
  "window_sizes": [
    5,
    10,
    15
  ],
  "N_pairs": 3,
  "num_classes": 3,
  "generators": [
    "transformer",
    "transformer",
    "transformer"
  ],
  "discriminators": null,
  "distill_epochs": 1,
  "cross_finetune_epochs": 5,
  "device": [
    0
  ],
  "num_epochs": 1024,
  "lr": 2e-05,
  "batch_size": 64,
  "train_split": 0.7,
  "random_seed": 3407,
  "amp_dtype": "none",
  "mode": "train",
  "ckpt_path": "latest",
  "log_diff": false
}
2025-05-08 04:33:08,267  ERROR  è¿è¡Œå®éªŒæ—¶å‡ºé”™: Expected floating point type for target with class probabilities, got Long
2025-05-08 04:39:05,228  INFO  127.0.0.1 - - [08/May/2025 04:39:05] "GET / HTTP/1.1" 200 -
2025-05-08 04:39:08,756  INFO  127.0.0.1 - - [08/May/2025 04:39:08] "GET /columns?path=database/zx_processed_é»„é‡‘_day.csv HTTP/1.1" 200 -
2025-05-08 04:39:14,388  INFO  127.0.0.1 - - [08/May/2025 04:39:14] "POST /train HTTP/1.1" 200 -
2025-05-08 04:39:14,390  INFO  127.0.0.1 - - [08/May/2025 04:39:14] "GET /stream HTTP/1.1" 200 -
2025-05-08 04:39:14,550  INFO  ARGS = {
  "notes": "",
  "data_path": "database/zx_processed_é»„é‡‘_day.csv",
  "output_dir": "out_put/ckpt",
  "ckpt_dir": "ckpt",
  "feature_groups": [
    [
      1,
      2,
      3,
      4,
      5,
      6,
      7,
      8,
      9,
      10,
      11,
      12,
      13,
      14,
      15,
      16,
      17,
      18,
      19,
      20,
      21,
      22,
      23,
      24,
      25,
      26,
      27,
      28,
      29
    ],
    [
      1,
      2,
      3,
      4,
      5,
      6,
      7,
      8,
      9,
      10,
      11,
      12,
      13,
      14,
      15,
      16,
      17,
      18,
      19,
      20,
      21,
      22,
      23,
      24,
      25,
      26,
      27,
      28,
      29
    ],
    [
      1,
      2,
      3,
      4,
      5,
      6,
      7,
      8,
      9,
      10,
      11,
      12,
      13,
      14,
      15,
      16,
      17,
      18,
      19,
      20,
      21,
      22,
      23,
      24,
      25,
      26,
      27,
      28,
      29
    ]
  ],
  "target_columns": [
    [
      1
    ]
  ],
  "start_timestamp": 31,
  "end_timestamp": -1,
  "window_sizes": [
    5,
    10,
    15
  ],
  "N_pairs": 3,
  "num_classes": 3,
  "generators": [
    "transformer",
    "transformer",
    "transformer"
  ],
  "discriminators": null,
  "distill_epochs": 1,
  "cross_finetune_epochs": 5,
  "device": [
    0
  ],
  "num_epochs": 1024,
  "lr": 2e-05,
  "batch_size": 64,
  "train_split": 0.7,
  "random_seed": 3407,
  "amp_dtype": "none",
  "mode": "train",
  "ckpt_path": "latest",
  "log_diff": false
}
2025-05-08 04:39:14,675  ERROR  è¿è¡Œå®éªŒæ—¶å‡ºé”™: Expected floating point type for target with class probabilities, got Long
2025-05-08 04:39:26,285  INFO  127.0.0.1 - - [08/May/2025 04:39:26] "POST /train HTTP/1.1" 200 -
2025-05-08 04:39:26,295  INFO  127.0.0.1 - - [08/May/2025 04:39:26] "GET /stream HTTP/1.1" 200 -
2025-05-08 04:39:26,445  INFO  ARGS = {
  "notes": "",
  "data_path": "database/zx_processed_é»„é‡‘_day.csv",
  "output_dir": "out_put/ckpt",
  "ckpt_dir": "ckpt",
  "feature_groups": [
    [
      1,
      2,
      3,
      4,
      5,
      6,
      7,
      8,
      9,
      10,
      11,
      12,
      13,
      14,
      15,
      16,
      17,
      18,
      19,
      20,
      21,
      22,
      23,
      24,
      25,
      26,
      27,
      28,
      29
    ],
    [
      1,
      2,
      3,
      4,
      5,
      6,
      7,
      8,
      9,
      10,
      11,
      12,
      13,
      14,
      15,
      16,
      17,
      18,
      19,
      20,
      21,
      22,
      23,
      24,
      25,
      26,
      27,
      28,
      29
    ],
    [
      1,
      2,
      3,
      4,
      5,
      6,
      7,
      8,
      9,
      10,
      11,
      12,
      13,
      14,
      15,
      16,
      17,
      18,
      19,
      20,
      21,
      22,
      23,
      24,
      25,
      26,
      27,
      28,
      29
    ]
  ],
  "target_columns": [
    [
      1
    ]
  ],
  "start_timestamp": 31,
  "end_timestamp": -1,
  "window_sizes": [
    5,
    10,
    15
  ],
  "N_pairs": 3,
  "num_classes": 3,
  "generators": [
    "transformer",
    "transformer",
    "transformer"
  ],
  "discriminators": null,
  "distill_epochs": 1,
  "cross_finetune_epochs": 5,
  "device": [
    0
  ],
  "num_epochs": 1024,
  "lr": 2e-05,
  "batch_size": 64,
  "train_split": 0.7,
  "random_seed": 3407,
  "amp_dtype": "none",
  "mode": "train",
  "ckpt_path": "latest",
  "log_diff": false
}
2025-05-08 04:39:26,606  ERROR  è¿è¡Œå®éªŒæ—¶å‡ºé”™: Expected floating point type for target with class probabilities, got Long
2025-05-08 04:39:28,414  INFO  127.0.0.1 - - [08/May/2025 04:39:28] "POST /train HTTP/1.1" 200 -
2025-05-08 04:39:28,415  INFO  127.0.0.1 - - [08/May/2025 04:39:28] "GET /stream HTTP/1.1" 200 -
2025-05-08 04:39:28,550  INFO  ARGS = {
  "notes": "",
  "data_path": "database/zx_processed_é»„é‡‘_day.csv",
  "output_dir": "out_put/ckpt",
  "ckpt_dir": "ckpt",
  "feature_groups": [
    [
      1,
      2,
      3,
      4,
      5,
      6,
      7,
      8,
      9,
      10,
      11,
      12,
      13,
      14,
      15,
      16,
      17,
      18,
      19,
      20,
      21,
      22,
      23,
      24,
      25,
      26,
      27,
      28,
      29
    ],
    [
      1,
      2,
      3,
      4,
      5,
      6,
      7,
      8,
      9,
      10,
      11,
      12,
      13,
      14,
      15,
      16,
      17,
      18,
      19,
      20,
      21,
      22,
      23,
      24,
      25,
      26,
      27,
      28,
      29
    ],
    [
      1,
      2,
      3,
      4,
      5,
      6,
      7,
      8,
      9,
      10,
      11,
      12,
      13,
      14,
      15,
      16,
      17,
      18,
      19,
      20,
      21,
      22,
      23,
      24,
      25,
      26,
      27,
      28,
      29
    ]
  ],
  "target_columns": [
    [
      1
    ]
  ],
  "start_timestamp": 31,
  "end_timestamp": -1,
  "window_sizes": [
    5,
    10,
    15
  ],
  "N_pairs": 3,
  "num_classes": 3,
  "generators": [
    "transformer",
    "transformer",
    "transformer"
  ],
  "discriminators": null,
  "distill_epochs": 1,
  "cross_finetune_epochs": 5,
  "device": [
    0
  ],
  "num_epochs": 1024,
  "lr": 2e-05,
  "batch_size": 64,
  "train_split": 0.7,
  "random_seed": 3407,
  "amp_dtype": "none",
  "mode": "train",
  "ckpt_path": "latest",
  "log_diff": false
}
2025-05-08 04:39:28,620  ERROR  è¿è¡Œå®éªŒæ—¶å‡ºé”™: Expected floating point type for target with class probabilities, got Long
2025-05-08 04:39:42,238  ERROR  è¿è¡Œå®éªŒæ—¶å‡ºé”™: [WinError 3] ç³»ç»Ÿæ‰¾ä¸åˆ°æŒ‡å®šçš„è·¯å¾„ã€‚: ''
2025-05-08 04:39:42,239  INFO  127.0.0.1 - - [08/May/2025 04:39:42] "[35m[1mPOST /predict HTTP/1.1[0m" 500 -
2025-05-08 04:39:44,626  ERROR  è¿è¡Œå®éªŒæ—¶å‡ºé”™: [WinError 3] ç³»ç»Ÿæ‰¾ä¸åˆ°æŒ‡å®šçš„è·¯å¾„ã€‚: ''
2025-05-08 04:39:44,627  INFO  127.0.0.1 - - [08/May/2025 04:39:44] "[35m[1mPOST /predict HTTP/1.1[0m" 500 -
2025-05-08 04:39:45,391  ERROR  è¿è¡Œå®éªŒæ—¶å‡ºé”™: [WinError 3] ç³»ç»Ÿæ‰¾ä¸åˆ°æŒ‡å®šçš„è·¯å¾„ã€‚: ''
2025-05-08 04:39:45,391  INFO  127.0.0.1 - - [08/May/2025 04:39:45] "[35m[1mPOST /predict HTTP/1.1[0m" 500 -
2025-05-08 04:39:49,991  INFO  127.0.0.1 - - [08/May/2025 04:39:49] "GET / HTTP/1.1" 200 -
2025-05-08 04:39:52,746  INFO  127.0.0.1 - - [08/May/2025 04:39:52] "GET /columns?path=database/zx_processed_é»„é‡‘_day.csv HTTP/1.1" 200 -
2025-05-08 04:40:00,793  INFO  127.0.0.1 - - [08/May/2025 04:40:00] "POST /train HTTP/1.1" 200 -
2025-05-08 04:40:00,793  INFO  127.0.0.1 - - [08/May/2025 04:40:00] "GET /stream HTTP/1.1" 200 -
2025-05-08 04:40:00,793  INFO  127.0.0.1 - - [08/May/2025 04:40:00] "GET /stream HTTP/1.1" 200 -
2025-05-08 04:40:00,794  INFO  127.0.0.1 - - [08/May/2025 04:40:00] "GET /stream HTTP/1.1" 200 -
2025-05-08 04:40:00,794  INFO  127.0.0.1 - - [08/May/2025 04:40:00] "GET /stream HTTP/1.1" 200 -
2025-05-08 04:40:01,005  INFO  ARGS = {
  "notes": "",
  "data_path": "database/zx_processed_é»„é‡‘_day.csv",
  "output_dir": "out_put/ckpt",
  "ckpt_dir": "ckpt",
  "feature_groups": [
    [
      1,
      2,
      3,
      4,
      5,
      6,
      7,
      8,
      9,
      10,
      11,
      12,
      13,
      14,
      15,
      16,
      17,
      18,
      19,
      20,
      21,
      22,
      23,
      24,
      25,
      26,
      27,
      28,
      29
    ],
    [
      1,
      2,
      3,
      4,
      5,
      6,
      7,
      8,
      9,
      10,
      11,
      12,
      13,
      14,
      15,
      16,
      17,
      18,
      19,
      20,
      21,
      22,
      23,
      24,
      25,
      26,
      27,
      28,
      29
    ],
    [
      1,
      2,
      3,
      4,
      5,
      6,
      7,
      8,
      9,
      10,
      11,
      12,
      13,
      14,
      15,
      16,
      17,
      18,
      19,
      20,
      21,
      22,
      23,
      24,
      25,
      26,
      27,
      28,
      29
    ]
  ],
  "target_columns": [
    [
      1
    ]
  ],
  "start_timestamp": 31,
  "end_timestamp": -1,
  "window_sizes": [
    5,
    10,
    15
  ],
  "N_pairs": 3,
  "num_classes": 3,
  "generators": [
    "transformer",
    "transformer",
    "transformer"
  ],
  "discriminators": null,
  "distill_epochs": 1,
  "cross_finetune_epochs": 5,
  "device": [
    0
  ],
  "num_epochs": 1024,
  "lr": 2e-05,
  "batch_size": 64,
  "train_split": 0.7,
  "random_seed": 3407,
  "amp_dtype": "none",
  "mode": "train",
  "ckpt_path": "latest",
  "log_diff": false
}
2025-05-08 04:40:01,160  ERROR  è¿è¡Œå®éªŒæ—¶å‡ºé”™: Expected floating point type for target with class probabilities, got Long
