2025-05-08 13:20:49,311  INFO  ARGS = {
  "notes": "",
  "data_path": "database/zx_processed_黄金_day.csv",
  "output_dir": "out_put/ckpt",
  "ckpt_dir": "ckpt",
  "feature_groups": [
    [
      1,
      2,
      3,
      4,
      5,
      6,
      7,
      8,
      9,
      10,
      11,
      12,
      13,
      14,
      15,
      16,
      17,
      18,
      19,
      20,
      21,
      22,
      23,
      24,
      25,
      26,
      27,
      28,
      29
    ],
    [
      1,
      2,
      3,
      4,
      5,
      6,
      7,
      8,
      9,
      10,
      11,
      12,
      13,
      14,
      15,
      16,
      17,
      18,
      19,
      20,
      21,
      22,
      23,
      24,
      25,
      26,
      27,
      28,
      29
    ],
    [
      1,
      2,
      3,
      4,
      5,
      6,
      7,
      8,
      9,
      10,
      11,
      12,
      13,
      14,
      15,
      16,
      17,
      18,
      19,
      20,
      21,
      22,
      23,
      24,
      25,
      26,
      27,
      28,
      29
    ]
  ],
  "target_columns": [
    [
      1
    ]
  ],
  "start_timestamp": 31,
  "end_timestamp": -1,
  "window_sizes": [
    5,
    10,
    15
  ],
  "N_pairs": 3,
  "num_classes": 3,
  "generators": [
    "transformer",
    "transformer",
    "transformer"
  ],
  "discriminators": null,
  "distill_epochs": 1,
  "cross_finetune_epochs": 5,
  "device": [
    0
  ],
  "num_epochs": 1024,
  "lr": 2e-05,
  "batch_size": 64,
  "train_split": 0.7,
  "random_seed": 3407,
  "amp_dtype": "none",
  "mode": "train",
  "ckpt_path": "latest",
  "log_diff": false
}
2025-05-08 13:20:58,244  INFO  EPOCH 1 | Validation MSE: G1: 0.15219536, G2: 0.08124134, G3: 0.03097324 | Accuracy: G1: 45.72 %, G2: 45.72 %, G3: 45.72 %
2025-05-08 13:21:03,239  INFO  EPOCH 2 | Validation MSE: G1: 0.03916430, G2: 0.04864781, G3: 0.02341608 | Accuracy: G1: 47.02 %, G2: 53.30 %, G3: 47.13 %
2025-05-08 13:21:08,123  INFO  EPOCH 3 | Validation MSE: G1: 0.03431342, G2: 0.04800933, G3: 0.01807036 | Accuracy: G1: 52.65 %, G2: 53.74 %, G3: 53.95 %
2025-05-08 13:21:12,510  INFO  EPOCH 4 | Validation MSE: G1: 0.04077608, G2: 0.04945384, G3: 0.01817082 | Accuracy: G1: 52.55 %, G2: 53.74 %, G3: 53.41 %
2025-05-08 13:21:14,693  INFO  EPOCH 5 | Validation MSE: G1: 0.02941674, G2: 0.04304263, G3: 0.01544122 | Accuracy: G1: 53.74 %, G2: 53.74 %, G3: 53.74 %
2025-05-08 13:21:16,852  INFO  EPOCH 6 | Validation MSE: G1: 0.02991114, G2: 0.04164134, G3: 0.01649430 | Accuracy: G1: 53.74 %, G2: 53.74 %, G3: 53.74 %
2025-05-08 13:21:19,183  INFO  EPOCH 7 | Validation MSE: G1: 0.03415053, G2: 0.03571223, G3: 0.01389591 | Accuracy: G1: 52.44 %, G2: 54.71 %, G3: 52.44 %
