2025-04-28 11:11:11,450  INFO  ARGS = {
  "notes": "回测300股指自回归",
  "data_path": "database/VWAP/沪铜主连.csv",
  "output_dir": "out_put/multi",
  "ckpt_dir": "ckpt",
  "feature_columns": [
    1,
    1
  ],
  "target_columns": [
    [
      1
    ]
  ],
  "start_timestamp": 31,
  "end_timestamp": -1,
  "window_sizes": [
    15
  ],
  "N_pairs": 1,
  "num_classes": 3,
  "generators": [
    "transformer"
  ],
  "discriminators": null,
  "distill_epochs": 0,
  "cross_finetune_epochs": 0,
  "device": [
    0
  ],
  "num_epochs": 10000,
  "lr": 2e-05,
  "batch_size": 64,
  "train_split": 0.7,
  "random_seed": 3407,
  "amp_dtype": "none",
  "mode": "train",
  "ckpt_path": "lastest"
}
2025-04-28 11:14:16,600  INFO  Train Metrics for G1: MSE=75524.9134, MAE=210.8795, RMSE=274.8180, MAPE=0.2892
2025-04-28 11:14:17,512  INFO  Test Metrics for G1: MSE=35272.8135, MAE=114.1767, RMSE=187.8106, MAPE=0.1496
