2025-04-28 11:18:54,191  INFO  ARGS = {
  "notes": "回测300股指自回归",
  "data_path": "database/VWAP/螺纹钢主连.csv",
  "output_dir": "out_put/multi",
  "ckpt_dir": "ckpt",
  "feature_columns": [
    1,
    1
  ],
  "target_columns": [
    [
      1
    ]
  ],
  "start_timestamp": 31,
  "end_timestamp": -1,
  "window_sizes": [
    15
  ],
  "N_pairs": 1,
  "num_classes": 3,
  "generators": [
    "transformer"
  ],
  "discriminators": null,
  "distill_epochs": 0,
  "cross_finetune_epochs": 0,
  "device": [
    0
  ],
  "num_epochs": 10000,
  "lr": 2e-05,
  "batch_size": 64,
  "train_split": 0.7,
  "random_seed": 3407,
  "amp_dtype": "none",
  "mode": "train",
  "ckpt_path": "lastest"
}
2025-04-28 11:20:26,583  INFO  Train Metrics for G1: MSE=601.9676, MAE=17.2778, RMSE=24.5350, MAPE=0.4513
2025-04-28 11:20:27,565  INFO  Test Metrics for G1: MSE=173.2200, MAE=9.4472, RMSE=13.1613, MAPE=0.2900
