2025-04-28 11:02:54,186  INFO  ARGS = {
  "notes": "回测300股指自回归",
  "data_path": "database/VWAP/沪镍主连.csv",
  "output_dir": "out_put/multi",
  "ckpt_dir": "ckpt",
  "feature_columns": [
    2,
    2
  ],
  "target_columns": [
    [
      2
    ]
  ],
  "start_timestamp": 31,
  "end_timestamp": -1,
  "window_sizes": [
    15
  ],
  "N_pairs": 1,
  "num_classes": 3,
  "generators": [
    "transformer"
  ],
  "discriminators": null,
  "distill_epochs": 0,
  "cross_finetune_epochs": 0,
  "device": [
    0
  ],
  "num_epochs": 10000,
  "lr": 2e-05,
  "batch_size": 64,
  "train_split": 0.7,
  "random_seed": 3407,
  "amp_dtype": "none",
  "mode": "train",
  "ckpt_path": "lastest"
}
2025-04-28 11:04:11,459  INFO  Train Metrics for G1: MSE=556792.7146, MAE=493.2142, RMSE=746.1854, MAPE=0.3518
2025-04-28 11:04:12,401  INFO  Test Metrics for G1: MSE=296184.9854, MAE=451.2125, RMSE=544.2288, MAPE=0.3578
