2025-04-28 10:21:48,705  INFO  ARGS = {
  "notes": "回测300股指自回归",
  "data_path": "database/VWAP/菜籽油主连.csv",
  "output_dir": "out_put/multi",
  "ckpt_dir": "ckpt",
  "feature_columns": [
    1,
    1
  ],
  "target_columns": [
    [
      1
    ]
  ],
  "start_timestamp": 31,
  "end_timestamp": -1,
  "window_sizes": [
    15
  ],
  "N_pairs": 1,
  "num_classes": 3,
  "generators": [
    "transformer"
  ],
  "discriminators": null,
  "distill_epochs": 0,
  "cross_finetune_epochs": 0,
  "device": [
    0
  ],
  "num_epochs": 10000,
  "lr": 2e-05,
  "batch_size": 64,
  "train_split": 0.7,
  "random_seed": 3407,
  "amp_dtype": "none",
  "mode": "train",
  "ckpt_path": "lastest"
}
2025-04-28 10:24:59,630  INFO  Train Metrics for G1: MSE=1431.6595, MAE=30.2442, RMSE=37.8373, MAPE=0.3571
2025-04-28 10:25:00,169  INFO  Test Metrics for G1: MSE=1142.3055, MAE=23.6256, RMSE=33.7980, MAPE=0.2598
