2025-04-28 15:24:33,452  INFO  ARGS = {
  "notes": "回测300股指自回归",
  "data_path": "database/VWAP/玉米主连.csv",
  "output_dir": "out_put/multi",
  "ckpt_dir": "ckpt",
  "feature_columns": [
    2,
    2
  ],
  "target_columns": [
    [
      2
    ]
  ],
  "start_timestamp": 31,
  "end_timestamp": -1,
  "window_sizes": [
    15
  ],
  "N_pairs": 1,
  "num_classes": 3,
  "generators": [
    "transformer"
  ],
  "discriminators": null,
  "distill_epochs": 0,
  "cross_finetune_epochs": 0,
  "device": [
    0
  ],
  "num_epochs": 10000,
  "lr": 2e-05,
  "batch_size": 64,
  "train_split": 0.7,
  "random_seed": 3407,
  "amp_dtype": "none",
  "mode": "train",
  "ckpt_path": "lastest"
}
2025-04-28 15:25:20,485  INFO  Train Metrics for G1: MSE=101.3613, MAE=7.3798, RMSE=10.0678, MAPE=0.2858
2025-04-28 15:25:21,030  INFO  Test Metrics for G1: MSE=225.4870, MAE=14.1812, RMSE=15.0162, MAPE=0.6335
