2025-04-28 10:12:46,252  INFO  ARGS = {
  "notes": "回测300股指自回归",
  "data_path": "database/VWAP/菜籽油主连.csv",
  "output_dir": "out_put/multi",
  "ckpt_dir": "ckpt",
  "feature_columns": [
    2,
    2
  ],
  "target_columns": [
    [
      2
    ]
  ],
  "start_timestamp": 31,
  "end_timestamp": -1,
  "window_sizes": [
    15
  ],
  "N_pairs": 1,
  "num_classes": 3,
  "generators": [
    "transformer"
  ],
  "discriminators": null,
  "distill_epochs": 0,
  "cross_finetune_epochs": 0,
  "device": [
    0
  ],
  "num_epochs": 10000,
  "lr": 2e-05,
  "batch_size": 64,
  "train_split": 0.7,
  "random_seed": 3407,
  "amp_dtype": "none",
  "mode": "train",
  "ckpt_path": "lastest"
}
2025-04-28 10:17:46,612  INFO  Train Metrics for G1: MSE=1602.3024, MAE=32.5995, RMSE=40.0288, MAPE=0.3861
2025-04-28 10:17:47,161  INFO  Test Metrics for G1: MSE=1103.7160, MAE=23.2944, RMSE=33.2222, MAPE=0.2566
