2025-05-07 10:01:38,190  INFO  ARGS = {
  "data_path": "database/zx_processed_黄金_day.csv",
  "output_dir": "out_put/multi",
  "ckpt_dir": "out_put/ckpt",
  "log_diff": false,
  "feature_columns": [
    "1-4,6-10,15-17",
    "1-5,11-14",
    "1-4,18-29"
  ],
  "target_columns": [
    [
      1
    ]
  ],
  "start_timestamp": 31,
  "end_timestamp": -1,
  "window_sizes": [
    5,
    10,
    15
  ],
  "N_pairs": 3,
  "num_classes": 3,
  "generators": [
    "gru",
    "lstm",
    "transformer"
  ],
  "discriminators": null,
  "distill_epochs": 1,
  "cross_finetune_epochs": 5,
  "device": [
    0
  ],
  "num_epochs": 10,
  "lr": 2e-05,
  "batch_size": 64,
  "train_split": 0.7,
  "random_seed": 3407,
  "amp_dtype": "none",
  "mode": "train",
  "ckpt_path": "latest"
}
2025-05-07 10:01:41,390  INFO  EPOCH 1 | Validation MSE: G1: 0.69387126, G2: 1.27482605, G3: 0.68559450 | Accuracy: G1: 45.72 %, G2: 53.74 %, G3: 46.91 %
2025-05-07 10:01:43,232  INFO  EPOCH 2 | Validation MSE: G1: 0.54548740, G2: 1.20352936, G3: 0.13373685 | Accuracy: G1: 45.72 %, G2: 53.74 %, G3: 48.00 %
2025-05-07 10:01:45,084  INFO  EPOCH 3 | Validation MSE: G1: 0.41624698, G2: 1.13114262, G3: 0.04103075 | Accuracy: G1: 45.72 %, G2: 53.74 %, G3: 45.83 %
2025-05-07 10:01:46,951  INFO  EPOCH 4 | Validation MSE: G1: 0.30602396, G2: 1.05303526, G3: 0.02867447 | Accuracy: G1: 45.72 %, G2: 53.74 %, G3: 49.40 %
2025-05-07 10:01:48,827  INFO  EPOCH 5 | Validation MSE: G1: 0.22700080, G2: 0.96691656, G3: 0.02991306 | Accuracy: G1: 45.72 %, G2: 53.74 %, G3: 52.00 %
2025-05-07 10:01:50,677  INFO  EPOCH 6 | Validation MSE: G1: 0.17320609, G2: 0.86728764, G3: 0.02770338 | Accuracy: G1: 45.72 %, G2: 53.74 %, G3: 47.78 %
2025-05-07 10:01:52,547  INFO  EPOCH 7 | Validation MSE: G1: 0.14310823, G2: 0.75344658, G3: 0.02775284 | Accuracy: G1: 45.72 %, G2: 53.74 %, G3: 53.95 %
2025-05-07 10:01:54,457  INFO  EPOCH 8 | Validation MSE: G1: 0.12358072, G2: 0.62016249, G3: 0.02392441 | Accuracy: G1: 45.72 %, G2: 53.74 %, G3: 53.52 %
2025-05-07 10:01:56,367  INFO  EPOCH 9 | Validation MSE: G1: 0.11060935, G2: 0.47409776, G3: 0.02535816 | Accuracy: G1: 45.72 %, G2: 53.30 %, G3: 53.85 %
2025-05-07 10:01:58,287  INFO  Start cross finetune!  So far G3 with D3
2025-05-07 10:01:58,874  INFO  == Cross finetune Epoch [1/10]: G3 with D3: Validation MSE 0.02040098, Validation Acc 51.25%
2025-05-07 10:01:59,453  INFO  == Cross finetune Epoch [2/10]: G3 with D3: Validation MSE 0.02022764, Validation Acc 49.30%
2025-05-07 10:02:00,046  INFO  == Cross finetune Epoch [3/10]: G3 with D3: Validation MSE 0.01827024, Validation Acc 52.33%
2025-05-07 10:02:00,619  INFO  == Cross finetune Epoch [4/10]: G3 with D3: Validation MSE 0.01839995, Validation Acc 54.82%
2025-05-07 10:02:01,181  INFO  == Cross finetune Epoch [5/10]: G3 with D3: Validation MSE 0.01521991, Validation Acc 53.95%
2025-05-07 10:02:01,181  INFO  EPOCH 10 | Validation MSE: G1: 0.10005624, G2: 0.33483109, G3: 0.02092773 | Accuracy: G1: 45.72 %, G2: 48.10 %, G3: 54.06 %
2025-05-07 10:02:03,704  INFO  Best epochs | G1:10, G2:10, G3:10
2025-05-07 10:02:04,204  INFO  Train Metrics for G1: MSE=385.1169, MAE=17.0180, RMSE=19.6244, MAPE=5.9697, Acc=0.4871
2025-05-07 10:02:04,726  INFO  Train Metrics for G2: MSE=1548.6500, MAE=31.7256, RMSE=39.3529, MAPE=10.5334, Acc=0.4995
2025-05-07 10:02:05,398  INFO  Train Metrics for G3: MSE=24.1341, MAE=3.5587, RMSE=4.9126, MAPE=1.1851, Acc=0.5110
2025-05-07 10:02:05,874  INFO  Test Metrics for G1: MSE=5395.1813, MAE=59.8953, RMSE=73.4519, MAPE=12.2636, Acc=0.4572
2025-05-07 10:02:06,356  INFO  Test Metrics for G2: MSE=18054.5893, MAE=121.3749, RMSE=134.3674, MAPE=25.8054, Acc=0.4810
2025-05-07 10:02:06,864  INFO  Test Metrics for G3: MSE=820.6801, MAE=17.5868, RMSE=28.6475, MAPE=3.4062, Acc=0.5395
2025-05-07 10:02:07,424  INFO  Train Metrics for G1: MSE=385.1169, MAE=17.0180, RMSE=19.6244, MAPE=5.9697
2025-05-07 10:02:08,113  INFO  Train Metrics for G2: MSE=1548.6500, MAE=31.7256, RMSE=39.3529, MAPE=10.5334
2025-05-07 10:02:08,786  INFO  Train Metrics for G3: MSE=24.1341, MAE=3.5587, RMSE=4.9126, MAPE=1.1851
2025-05-07 10:02:09,260  INFO  Test Metrics for G1: MSE=5395.1813, MAE=59.8953, RMSE=73.4519, MAPE=12.2636
2025-05-07 10:02:09,748  INFO  Test Metrics for G2: MSE=18054.5893, MAE=121.3749, RMSE=134.3674, MAPE=25.8054
2025-05-07 10:02:10,235  INFO  Test Metrics for G3: MSE=820.6801, MAE=17.5868, RMSE=28.6475, MAPE=3.4062
