2025-05-08 02:33:10,584  INFO  ARGS = {
  "data_path": "database/zx_processed_黄金_day.csv",
  "output_dir": "out_put/multi",
  "ckpt_dir": "out_put/ckpt",
  "log_diff": false,
  "feature_columns": [
    "1-4,6-10,15-17",
    "1-5,11-14",
    "1-4,18-29"
  ],
  "target_columns": [
    [
      1
    ]
  ],
  "start_timestamp": 31,
  "end_timestamp": -1,
  "window_sizes": [
    5,
    10,
    15
  ],
  "N_pairs": 3,
  "num_classes": 3,
  "generators": [
    "gru",
    "lstm",
    "transformer"
  ],
  "discriminators": null,
  "distill_epochs": 1,
  "cross_finetune_epochs": 5,
  "device": [
    0
  ],
  "num_epochs": 10,
  "lr": 2e-05,
  "batch_size": 64,
  "train_split": 0.7,
  "random_seed": 3407,
  "amp_dtype": "none",
  "mode": "train",
  "ckpt_path": "latest"
}
2025-05-08 02:33:13,702  INFO  EPOCH 1 | Validation MSE: G1: 0.69387132, G2: 1.27482605, G3: 0.68559450 | Accuracy: G1: 45.72 %, G2: 53.74 %, G3: 46.91 %
2025-05-08 02:33:15,428  INFO  EPOCH 2 | Validation MSE: G1: 0.54548740, G2: 1.20352936, G3: 0.13373683 | Accuracy: G1: 45.72 %, G2: 53.74 %, G3: 48.00 %
2025-05-08 02:33:17,249  INFO  EPOCH 3 | Validation MSE: G1: 0.41624701, G2: 1.13114262, G3: 0.04103076 | Accuracy: G1: 45.72 %, G2: 53.74 %, G3: 45.83 %
2025-05-08 02:33:19,055  INFO  EPOCH 4 | Validation MSE: G1: 0.30602399, G2: 1.05303526, G3: 0.02867498 | Accuracy: G1: 45.72 %, G2: 53.74 %, G3: 49.40 %
2025-05-08 02:33:20,789  INFO  EPOCH 5 | Validation MSE: G1: 0.22700077, G2: 0.96691656, G3: 0.02991378 | Accuracy: G1: 45.72 %, G2: 53.74 %, G3: 52.00 %
2025-05-08 02:33:22,600  INFO  EPOCH 6 | Validation MSE: G1: 0.17320636, G2: 0.86728764, G3: 0.02770592 | Accuracy: G1: 45.72 %, G2: 53.74 %, G3: 47.78 %
2025-05-08 02:33:24,321  INFO  EPOCH 7 | Validation MSE: G1: 0.14310814, G2: 0.75344658, G3: 0.02775373 | Accuracy: G1: 45.72 %, G2: 53.74 %, G3: 53.95 %
2025-05-08 02:33:26,047  INFO  EPOCH 8 | Validation MSE: G1: 0.12357992, G2: 0.62016255, G3: 0.02392759 | Accuracy: G1: 45.72 %, G2: 53.74 %, G3: 53.63 %
2025-05-08 02:33:27,929  INFO  EPOCH 9 | Validation MSE: G1: 0.11060848, G2: 0.47409776, G3: 0.02535872 | Accuracy: G1: 45.72 %, G2: 53.30 %, G3: 53.85 %
2025-05-08 02:33:29,701  INFO  Start cross finetune!  So far G3 with D3
2025-05-08 02:33:30,216  INFO  == Cross finetune Epoch [1/10]: G3 with D3: Validation MSE 0.02039553, Validation Acc 51.25%
2025-05-08 02:33:30,753  INFO  == Cross finetune Epoch [2/10]: G3 with D3: Validation MSE 0.02023295, Validation Acc 49.40%
2025-05-08 02:33:31,313  INFO  == Cross finetune Epoch [3/10]: G3 with D3: Validation MSE 0.01827905, Validation Acc 52.44%
2025-05-08 02:33:31,870  INFO  == Cross finetune Epoch [4/10]: G3 with D3: Validation MSE 0.01842235, Validation Acc 54.82%
2025-05-08 02:33:32,432  INFO  == Cross finetune Epoch [5/10]: G3 with D3: Validation MSE 0.01523987, Validation Acc 53.95%
2025-05-08 02:33:32,432  INFO  EPOCH 10 | Validation MSE: G1: 0.10005569, G2: 0.33483109, G3: 0.02092819 | Accuracy: G1: 45.72 %, G2: 48.10 %, G3: 54.06 %
2025-05-08 02:33:34,988  INFO  Best epochs | G1:10, G2:10, G3:10
2025-05-08 02:33:35,485  INFO  Train Metrics for G1: MSE=385.1202, MAE=17.0181, RMSE=19.6245, MAPE=5.9697, Acc=0.4871
2025-05-08 02:33:36,019  INFO  Train Metrics for G2: MSE=1548.6502, MAE=31.7256, RMSE=39.3529, MAPE=10.5334, Acc=0.4995
2025-05-08 02:33:36,717  INFO  Train Metrics for G3: MSE=24.1003, MAE=3.5549, RMSE=4.9092, MAPE=1.1834, Acc=0.5110
2025-05-08 02:33:37,213  INFO  Test Metrics for G1: MSE=5395.1516, MAE=59.8951, RMSE=73.4517, MAPE=12.2635, Acc=0.4572
2025-05-08 02:33:37,716  INFO  Test Metrics for G2: MSE=18054.5905, MAE=121.3749, RMSE=134.3674, MAPE=25.8054, Acc=0.4810
2025-05-08 02:33:38,293  INFO  Test Metrics for G3: MSE=821.7560, MAE=17.5991, RMSE=28.6663, MAPE=3.4086, Acc=0.5395
2025-05-08 02:33:38,860  INFO  Train Metrics for G1: MSE=385.1202, MAE=17.0181, RMSE=19.6245, MAPE=5.9697
2025-05-08 02:33:39,581  INFO  Train Metrics for G2: MSE=1548.6502, MAE=31.7256, RMSE=39.3529, MAPE=10.5334
2025-05-08 02:33:40,106  INFO  Train Metrics for G3: MSE=24.1003, MAE=3.5549, RMSE=4.9092, MAPE=1.1834
2025-05-08 02:33:40,570  INFO  Test Metrics for G1: MSE=5395.1516, MAE=59.8951, RMSE=73.4517, MAPE=12.2635
2025-05-08 02:33:41,049  INFO  Test Metrics for G2: MSE=18054.5905, MAE=121.3749, RMSE=134.3674, MAPE=25.8054
2025-05-08 02:33:41,608  INFO  Test Metrics for G3: MSE=821.7560, MAE=17.5991, RMSE=28.6663, MAPE=3.4086
