2025-04-28 10:44:34,958  INFO  ARGS = {
  "notes": "回测300股指自回归",
  "data_path": "database/VWAP/豆油主连.csv",
  "output_dir": "out_put/multi",
  "ckpt_dir": "ckpt",
  "feature_columns": [
    1,
    1
  ],
  "target_columns": [
    [
      1
    ]
  ],
  "start_timestamp": 31,
  "end_timestamp": -1,
  "window_sizes": [
    15
  ],
  "N_pairs": 1,
  "num_classes": 3,
  "generators": [
    "transformer"
  ],
  "discriminators": null,
  "distill_epochs": 0,
  "cross_finetune_epochs": 0,
  "device": [
    0
  ],
  "num_epochs": 10000,
  "lr": 2e-05,
  "batch_size": 64,
  "train_split": 0.7,
  "random_seed": 3407,
  "amp_dtype": "none",
  "mode": "train",
  "ckpt_path": "lastest"
}
2025-04-28 10:49:10,628  INFO  Train Metrics for G1: MSE=975.9093, MAE=22.3118, RMSE=31.2395, MAPE=0.2847
2025-04-28 10:49:11,591  INFO  Test Metrics for G1: MSE=737.1680, MAE=18.8420, RMSE=27.1508, MAPE=0.2337
