2025-04-28 12:33:46,699  INFO  ARGS = {
  "notes": "回测300股指自回归",
  "data_path": "database/VWAP/尿素主连.csv",
  "output_dir": "out_put/multi",
  "ckpt_dir": "ckpt",
  "feature_columns": [
    1,
    1
  ],
  "target_columns": [
    [
      1
    ]
  ],
  "start_timestamp": 31,
  "end_timestamp": -1,
  "window_sizes": [
    15
  ],
  "N_pairs": 1,
  "num_classes": 3,
  "generators": [
    "transformer"
  ],
  "discriminators": null,
  "distill_epochs": 0,
  "cross_finetune_epochs": 0,
  "device": [
    0
  ],
  "num_epochs": 10000,
  "lr": 2e-05,
  "batch_size": 64,
  "train_split": 0.7,
  "random_seed": 3407,
  "amp_dtype": "none",
  "mode": "train",
  "ckpt_path": "lastest"
}
2025-04-28 12:34:45,740  INFO  Train Metrics for G1: MSE=914.8004, MAE=20.0268, RMSE=30.2457, MAPE=0.8213
2025-04-28 12:34:46,693  INFO  Test Metrics for G1: MSE=283.3879, MAE=14.4297, RMSE=16.8341, MAPE=0.7878
