2025-04-28 11:41:23,094  INFO  ARGS = {
  "notes": "回测300股指自回归",
  "data_path": "database/VWAP/棉花主连.csv",
  "output_dir": "out_put/multi",
  "ckpt_dir": "ckpt",
  "feature_columns": [
    1,
    1
  ],
  "target_columns": [
    [
      1
    ]
  ],
  "start_timestamp": 31,
  "end_timestamp": -1,
  "window_sizes": [
    15
  ],
  "N_pairs": 1,
  "num_classes": 3,
  "generators": [
    "transformer"
  ],
  "discriminators": null,
  "distill_epochs": 0,
  "cross_finetune_epochs": 0,
  "device": [
    0
  ],
  "num_epochs": 10000,
  "lr": 2e-05,
  "batch_size": 64,
  "train_split": 0.7,
  "random_seed": 3407,
  "amp_dtype": "none",
  "mode": "train",
  "ckpt_path": "lastest"
}
2025-04-28 11:48:09,535  INFO  Train Metrics for G1: MSE=2786.2095, MAE=40.8381, RMSE=52.7846, MAPE=0.2637
2025-04-28 11:48:10,084  INFO  Test Metrics for G1: MSE=4656.6623, MAE=63.4494, RMSE=68.2397, MAPE=0.4635
